<?xml version="1.0" encoding="UTF-8" ?>
<testsuite tests="9" failures="0" name="com.lrp.core.UtilTest" time="0.026" errors="0" skipped="0">
  <properties>
[...]
</properties>
  <testcase classname="com.lrp.core.UtilTest" name="testMatchDifficultyIfNoValueWasProvidedForHomeAndAwayScore" time="0.006"/>
  <testcase classname="com.lrp.core.UtilTest" name="testIsNotNull" time="0"/>
  <testcase classname="com.lrp.core.UtilTest" name="testExceptionWhenParsingWrongDateFormat" time="0.017"/>
  <testcase classname="com.lrp.core.UtilTest" name="testMatchDifficultyBasedOnHomeAndAwayScore" time="0"/>
  <testcase classname="com.lrp.core.UtilTest" name="testShouldReturnFalseForIsNotNull" time="0"/>
  <testcase classname="com.lrp.core.UtilTest" name="testFormatFromDBDateToSQLDate" time="0.002"/>
  <testcase classname="com.lrp.core.UtilTest" name="testFormatFromInputDateToDBDate" time="0"/>
  <testcase classname="com.lrp.core.UtilTest" name="testFormatFromDBDateToInputDate" time="0"/>
  <testcase classname="com.lrp.core.UtilTest" name="testRemoveSingleOrDoubleQuoteAtStartAndEndOfString" time="0.001"/>
</testsuite>